Using pre-set license
Built from '2022.3/staging' branch; Version is '2022.3.10f1 (ff3792e53c62) revision 16725906'; Using compiler version '192829333'; Build Type 'Release'
OS: 'Windows 10  (10.0.19045) 64bit Professional' Language: 'fr' Physical Memory: 16114 MB
BatchMode: 1, IsHumanControllingUs: 0, StartBugReporterOnCrash: 0, Is64bit: 1, IsPro: 1

COMMAND LINE ARGUMENTS:
C:\Program Files\Unity\Hub\Editor\2022.3.10f1\Editor\Unity.exe
-adb2
-batchMode
-noUpm
-name
AssetImportWorker10
-projectPath
C:/Users/user/Desktop/zombi
-logFile
Logs/AssetImportWorker10.log
-srvPort
49779
Successfully changed project path to: C:/Users/user/Desktop/zombi
C:/Users/user/Desktop/zombi
[UnityMemory] Configuration Parameters - Can be set up in boot.config
    "memorysetup-bucket-allocator-granularity=16"
    "memorysetup-bucket-allocator-bucket-count=8"
    "memorysetup-bucket-allocator-block-size=33554432"
    "memorysetup-bucket-allocator-block-count=8"
    "memorysetup-main-allocator-block-size=16777216"
    "memorysetup-thread-allocator-block-size=16777216"
    "memorysetup-gfx-main-allocator-block-size=16777216"
    "memorysetup-gfx-thread-allocator-block-size=16777216"
    "memorysetup-cache-allocator-block-size=4194304"
    "memorysetup-typetree-allocator-block-size=2097152"
    "memorysetup-profiler-bucket-allocator-granularity=16"
    "memorysetup-profiler-bucket-allocator-bucket-count=8"
    "memorysetup-profiler-bucket-allocator-block-size=33554432"
    "memorysetup-profiler-bucket-allocator-block-count=8"
    "memorysetup-profiler-allocator-block-size=16777216"
    "memorysetup-profiler-editor-allocator-block-size=1048576"
    "memorysetup-temp-allocator-size-main=16777216"
    "memorysetup-job-temp-allocator-block-size=2097152"
    "memorysetup-job-temp-allocator-block-size-background=1048576"
    "memorysetup-job-temp-allocator-reduction-small-platforms=262144"
    "memorysetup-allocator-temp-initial-block-size-main=262144"
    "memorysetup-allocator-temp-initial-block-size-worker=262144"
    "memorysetup-temp-allocator-size-background-worker=32768"
    "memorysetup-temp-allocator-size-job-worker=262144"
    "memorysetup-temp-allocator-size-preload-manager=33554432"
    "memorysetup-temp-allocator-size-nav-mesh-worker=65536"
    "memorysetup-temp-allocator-size-audio-worker=65536"
    "memorysetup-temp-allocator-size-cloud-worker=32768"
    "memorysetup-temp-allocator-size-gi-baking-worker=262144"
    "memorysetup-temp-allocator-size-gfx=262144"
Player connection [38008] Host "[IP] 192.168.249.1 [Port] 0 [Flags] 2 [Guid] 1784423359 [EditorId] 1784423359 [Version] 1048832 [Id] WindowsEditor(7,DESKTOP-G9VLQBD) [Debug] 1 [PackageName] WindowsEditor [ProjectName] Editor" joined multi-casting on [225.0.0.222:54997]...

Player connection [38008] Host "[IP] 192.168.249.1 [Port] 0 [Flags] 2 [Guid] 1784423359 [EditorId] 1784423359 [Version] 1048832 [Id] WindowsEditor(7,DESKTOP-G9VLQBD) [Debug] 1 [PackageName] WindowsEditor [ProjectName] Editor" joined alternative multi-casting on [225.0.0.222:34997]...

[Physics::Module] Initialized MultithreadedJobDispatcher with 11 workers.
Refreshing native plugins compatible for Editor in 21.69 ms, found 2 plugins.
Preloading 0 native plugins for Editor in 0.00 ms.
Initialize engine version: 2022.3.10f1 (ff3792e53c62)
[Subsystems] Discovering subsystems at path C:/Program Files/Unity/Hub/Editor/2022.3.10f1/Editor/Data/Resources/UnitySubsystems
[Subsystems] Discovering subsystems at path C:/Users/user/Desktop/zombi/Assets
GfxDevice: creating device client; threaded=0; jobified=0
Direct3D:
    Version:  Direct3D 11.0 [level 11.1]
    Renderer: NVIDIA GeForce RTX 3050 Laptop GPU (ID=0x25a2)
    Vendor:   NVIDIA
    VRAM:     3964 MB
    Driver:   32.0.15.5612
Initialize mono
Mono path[0] = 'C:/Program Files/Unity/Hub/Editor/2022.3.10f1/Editor/Data/Managed'
Mono path[1] = 'C:/Program Files/Unity/Hub/Editor/2022.3.10f1/Editor/Data/MonoBleedingEdge/lib/mono/unityjit-win32'
Mono config path = 'C:/Program Files/Unity/Hub/Editor/2022.3.10f1/Editor/Data/MonoBleedingEdge/etc'
Using monoOptions --debugger-agent=transport=dt_socket,embedding=1,server=y,suspend=n,address=127.0.0.1:56524
Begin MonoManager ReloadAssembly
Registering precompiled unity dll's ...
Register platform support module: C:/Program Files/Unity/Hub/Editor/2022.3.10f1/Editor/Data/PlaybackEngines/WebGLSupport/UnityEditor.WebGL.Extensions.dll
Register platform support module: C:/Program Files/Unity/Hub/Editor/2022.3.10f1/Editor/Data/PlaybackEngines/AndroidPlayer/UnityEditor.Android.Extensions.dll
Register platform support module: C:/Program Files/Unity/Hub/Editor/2022.3.10f1/Editor/Data/PlaybackEngines/WindowsStandaloneSupport/UnityEditor.WindowsStandalone.Extensions.dll
Registered in 0.009990 seconds.
- Loaded All Assemblies, in  0.428 seconds
Native extension for WindowsStandalone target not found
Native extension for Android target not found
Android Extension - Scanning For ADB Devices 309 ms
Native extension for WebGL target not found
Mono: successfully reloaded assembly
- Finished resetting the current domain, in  0.694 seconds
Domain Reload Profiling: 1121ms
	BeginReloadAssembly (104ms)
		ExecutionOrderSort (0ms)
		DisableScriptedObjects (0ms)
		BackupInstance (0ms)
		ReleaseScriptingObjects (0ms)
		CreateAndSetChildDomain (1ms)
	RebuildCommonClasses (28ms)
	RebuildNativeTypeToScriptingClass (9ms)
	initialDomainReloadingComplete (52ms)
	LoadAllAssembliesAndSetupDomain (233ms)
		LoadAssemblies (103ms)
		RebuildTransferFunctionScriptingTraits (0ms)
		AnalyzeDomain (230ms)
			TypeCache.Refresh (228ms)
				TypeCache.ScanAssembly (216ms)
			ScanForSourceGeneratedMonoScriptInfo (0ms)
			ResolveRequiredComponents (0ms)
	FinalizeReload (695ms)
		ReleaseScriptCaches (0ms)
		RebuildScriptCaches (0ms)
		SetupLoadedEditorAssemblies (635ms)
			LogAssemblyErrors (0ms)
			InitializePlatformSupportModulesInManaged (432ms)
			SetLoadedEditorAssemblies (4ms)
			RefreshPlugins (0ms)
			BeforeProcessingInitializeOnLoad (3ms)
			ProcessInitializeOnLoadAttributes (125ms)
			ProcessInitializeOnLoadMethodAttributes (70ms)
			AfterProcessingInitializeOnLoad (0ms)
			EditorAssembliesLoaded (0ms)
		ExecutionOrderSort2 (0ms)
		AwakeInstancesAfterBackupRestoration (0ms)
========================================================================
Worker process is ready to serve import requests
Begin MonoManager ReloadAssembly
- Loaded All Assemblies, in  0.890 seconds
Refreshing native plugins compatible for Editor in 6.70 ms, found 2 plugins.
Native extension for WindowsStandalone target not found
Native extension for Android target not found
Native extension for WebGL target not found
Package Manager log level set to [2]
[Package Manager] Server::EnsureServerProcessIsRunning -- launch failed, reason: Unity was launched with the -noUpm command-line argument
[Package Manager] UpmClient::Send -- Unable to send message (not connected to UPM process).
[Package Manager] Cannot connect to Unity Package Manager local server
Mono: successfully reloaded assembly
- Finished resetting the current domain, in  1.102 seconds
Domain Reload Profiling: 1990ms
	BeginReloadAssembly (136ms)
		ExecutionOrderSort (0ms)
		DisableScriptedObjects (5ms)
		BackupInstance (0ms)
		ReleaseScriptingObjects (0ms)
		CreateAndSetChildDomain (22ms)
	RebuildCommonClasses (35ms)
	RebuildNativeTypeToScriptingClass (11ms)
	initialDomainReloadingComplete (48ms)
	LoadAllAssembliesAndSetupDomain (658ms)
		LoadAssemblies (495ms)
		RebuildTransferFunctionScriptingTraits (0ms)
		AnalyzeDomain (241ms)
			TypeCache.Refresh (191ms)
				TypeCache.ScanAssembly (165ms)
			ScanForSourceGeneratedMonoScriptInfo (28ms)
			ResolveRequiredComponents (21ms)
	FinalizeReload (1103ms)
		ReleaseScriptCaches (0ms)
		RebuildScriptCaches (0ms)
		SetupLoadedEditorAssemblies (909ms)
			LogAssemblyErrors (0ms)
			InitializePlatformSupportModulesInManaged (26ms)
			SetLoadedEditorAssemblies (4ms)
			RefreshPlugins (0ms)
			BeforeProcessingInitializeOnLoad (79ms)
			ProcessInitializeOnLoadAttributes (524ms)
			ProcessInitializeOnLoadMethodAttributes (267ms)
			AfterProcessingInitializeOnLoad (8ms)
			EditorAssembliesLoaded (1ms)
		ExecutionOrderSort2 (0ms)
		AwakeInstancesAfterBackupRestoration (12ms)
Launched and connected shader compiler UnityShaderCompiler.exe after 0.16 seconds
Refreshing native plugins compatible for Editor in 7.48 ms, found 2 plugins.
Preloading 0 native plugins for Editor in 0.00 ms.
Unloading 5626 Unused Serialized files (Serialized files now loaded: 0)
Unloading 137 unused Assets / (2.6 MB). Loaded Objects now: 6073.
Memory consumption went from 255.2 MB to 252.5 MB.
Total: 8.350700 ms (FindLiveObjects: 0.450300 ms CreateObjectMapping: 0.291200 ms MarkObjects: 6.861600 ms  DeleteObjects: 0.746400 ms)

AssetImportParameters requested are different than current active one (requested -> active):
  custom:container-demuxer-ogg: 62fdf1f143b41e24485cea50d1cbac27 -> 
  custom:scripting/monoscript/fileName/ProximitySensor.cs: 3d2b27786634e365c72ef99f18fc83de -> aef687696484c7ff497e78f373f764a8
  custom:video-decoder-ogg-theora: a1e56fd34408186e4bbccfd4996cb3dc -> 
  custom:framework-win-MediaFoundation: 216162199b28c13a410421893ffa2e32 -> 
  custom:CustomObjectIndexerAttribute: d54d2f2da18e7612c182cf67624b6b12 -> 
  custom:container-demuxer-webm: 4f35f7cbe854078d1ac9338744f61a02 -> 
  custom:container-muxer-webm: aa71ff27fc2769a1b78a27578f13a17b -> 
  custom:video-decoder-webm-vp8: 9c59270c3fd7afecdb556c50c9e8de78 -> 
  custom:SearchIndexIgnoredProperties: e643bd26f0fe6173181afceb89e7c659 -> 
  custom:AudioImporter_EditorPlatform: d09bf68614088b80899f8185d706f6e7 -> 
  custom:video-encoder-webm-vp8: eb34c28f22e8b96e1ab97ce403110664 -> 
  custom:audio-decoder-ogg-vorbis: bf7c407c2cedff20999df2af8eb42d56 -> 
  custom:audio-encoder-webm-vorbis: bf7c407c2cedff20999df2af8eb42d56 -> 
  custom:scripting/monoscript/fileName/ProximityPause.cs: b69589cab340a81553f9bdd2492e5a4e -> 
========================================================================
Received Import Request.
  Time since last request: 1195682.509981 seconds.
  path: Assets/GUI Kit - Dark Geo/ResourceData/Sprite/Component/Icon_ButtonIcon_(Origin)/btn_plus_n.png
  artifactKey: Guid(cd6ef2f8f0c7445e2a5673252fb60cb4) Importer(815301076,1909f56bfc062723c751e8b465ee728b)
Start importing Assets/GUI Kit - Dark Geo/ResourceData/Sprite/Component/Icon_ButtonIcon_(Origin)/btn_plus_n.png using Guid(cd6ef2f8f0c7445e2a5673252fb60cb4) Importer(815301076,1909f56bfc062723c751e8b465ee728b)  -> (artifact id: '6ea09bd771b77be8529316669966e5ce') in 0.120215 seconds
Number of updated asset objects reloaded before import = 0
Number of asset objects unloaded after import = 3
========================================================================
Received Import Request.
  Time since last request: 0.000030 seconds.
  path: Assets/GUI Kit - Dark Geo/ResourceData/Sprite/Demo/Demo_Button/Btn_Sns_Facebook_s.png
  artifactKey: Guid(16d0bfb301bd44a4cbd5d83a40deb6f7) Importer(815301076,1909f56bfc062723c751e8b465ee728b)
Start importing Assets/GUI Kit - Dark Geo/ResourceData/Sprite/Demo/Demo_Button/Btn_Sns_Facebook_s.png using Guid(16d0bfb301bd44a4cbd5d83a40deb6f7) Importer(815301076,1909f56bfc062723c751e8b465ee728b)  -> (artifact id: '99d7c92437067ddd85b126a1f67e2a57') in 0.039428 seconds
Number of updated asset objects reloaded before import = 0
Number of asset objects unloaded after import = 3
========================================================================
Received Import Request.
  Time since last request: 0.000030 seconds.
  path: Assets/GUI Kit - Dark Geo/ResourceData/Sprite/Demo/Demo_Button/Btn_Restart_s.png
  artifactKey: Guid(c2cde0a840c284c80998b35c2a2b40b0) Importer(815301076,1909f56bfc062723c751e8b465ee728b)
Start importing Assets/GUI Kit - Dark Geo/ResourceData/Sprite/Demo/Demo_Button/Btn_Restart_s.png using Guid(c2cde0a840c284c80998b35c2a2b40b0) Importer(815301076,1909f56bfc062723c751e8b465ee728b)  -> (artifact id: '7f29c0542dd0bd42c8dd6a5088ee12ec') in 0.031331 seconds
Number of updated asset objects reloaded before import = 0
Number of asset objects unloaded after import = 3
========================================================================
Received Import Request.
  Time since last request: 0.000066 seconds.
  path: Assets/GUI Kit - Dark Geo/ResourceData/Sprite/Demo/Demo_Button/Btn_Restart_n.png
  artifactKey: Guid(69f42a64932194894923eade63bdb38d) Importer(815301076,1909f56bfc062723c751e8b465ee728b)
Start importing Assets/GUI Kit - Dark Geo/ResourceData/Sprite/Demo/Demo_Button/Btn_Restart_n.png using Guid(69f42a64932194894923eade63bdb38d) Importer(815301076,1909f56bfc062723c751e8b465ee728b)  -> (artifact id: 'df56effe0fb1143df96afed60da2eb0c') in 0.035578 seconds
Number of updated asset objects reloaded before import = 0
Number of asset objects unloaded after import = 3
========================================================================
Received Import Request.
  Time since last request: 0.000018 seconds.
  path: Assets/GUI Kit - Dark Geo/ResourceData/Sprite/Component/Icon_ButtonIcon_(Origin)/btn_setting_n.png
  artifactKey: Guid(61320be30d2754ebc93b4badb34534c4) Importer(815301076,1909f56bfc062723c751e8b465ee728b)
Start importing Assets/GUI Kit - Dark Geo/ResourceData/Sprite/Component/Icon_ButtonIcon_(Origin)/btn_setting_n.png using Guid(61320be30d2754ebc93b4badb34534c4) Importer(815301076,1909f56bfc062723c751e8b465ee728b)  -> (artifact id: '493f871e3a686f9414b33c682793c6a6') in 0.060532 seconds
Number of updated asset objects reloaded before import = 0
Number of asset objects unloaded after import = 3
========================================================================
Received Import Request.
  Time since last request: 0.000026 seconds.
  path: Assets/GUI Kit - Dark Geo/ResourceData/Sprite/Demo/Demo_Button/Btn_Resume_n.png
  artifactKey: Guid(928b90fe3a87c4474817c1eca35d32fd) Importer(815301076,1909f56bfc062723c751e8b465ee728b)
Start importing Assets/GUI Kit - Dark Geo/ResourceData/Sprite/Demo/Demo_Button/Btn_Resume_n.png using Guid(928b90fe3a87c4474817c1eca35d32fd) Importer(815301076,1909f56bfc062723c751e8b465ee728b)  -> (artifact id: 'b192e7c20ea96571e38d3fd71125035d') in 0.023939 seconds
Number of updated asset objects reloaded before import = 0
Number of asset objects unloaded after import = 3
========================================================================
Received Import Request.
  Time since last request: 0.000022 seconds.
  path: Assets/GUI Kit - Dark Geo/ResourceData/Sprite/Component/Icon_ButtonIcon_(Origin)/btn_shield_f.png
  artifactKey: Guid(e0489bc635f4a4c0d840749cbc155141) Importer(815301076,1909f56bfc062723c751e8b465ee728b)
Start importing Assets/GUI Kit - Dark Geo/ResourceData/Sprite/Component/Icon_ButtonIcon_(Origin)/btn_shield_f.png using Guid(e0489bc635f4a4c0d840749cbc155141) Importer(815301076,1909f56bfc062723c751e8b465ee728b)  -> (artifact id: 'cb5add3f1f836c1aa15dc4316718a478') in 0.027597 seconds
Number of updated asset objects reloaded before import = 0
Number of asset objects unloaded after import = 3
========================================================================
Received Import Request.
  Time since last request: 0.000017 seconds.
  path: Assets/GUI Kit - Dark Geo/ResourceData/Sprite/Component/Icon_ButtonIcon_(Origin)/btn_warning_f.png
  artifactKey: Guid(a06602c182a4e4b9c93045bd17367a37) Importer(815301076,1909f56bfc062723c751e8b465ee728b)
Start importing Assets/GUI Kit - Dark Geo/ResourceData/Sprite/Component/Icon_ButtonIcon_(Origin)/btn_warning_f.png using Guid(a06602c182a4e4b9c93045bd17367a37) Importer(815301076,1909f56bfc062723c751e8b465ee728b)  -> (artifact id: '2346f802a4056c5781d99b4b7fe4257e') in 0.038617 seconds
Number of updated asset objects reloaded before import = 0
Number of asset objects unloaded after import = 3
========================================================================
Received Import Request.
  Time since last request: 0.000024 seconds.
  path: Assets/GUI Kit - Dark Geo/ResourceData/Sprite/Component/UI_Etc/Status_Btn_Add_f.png
  artifactKey: Guid(613a7799ad43346b4adf369e4f537da9) Importer(815301076,1909f56bfc062723c751e8b465ee728b)
Start importing Assets/GUI Kit - Dark Geo/ResourceData/Sprite/Component/UI_Etc/Status_Btn_Add_f.png using Guid(613a7799ad43346b4adf369e4f537da9) Importer(815301076,1909f56bfc062723c751e8b465ee728b)  -> (artifact id: '7bb16a81b687eb22bae28b7f2b33d02a') in 0.027327 seconds
Number of updated asset objects reloaded before import = 0
Number of asset objects unloaded after import = 3
========================================================================
Received Import Request.
  Time since last request: 0.000032 seconds.
  path: Assets/GUI Kit - Dark Geo/ResourceData/Sprite/Component/Icon_ButtonIcon_(Origin)/btn_sound_n.png
  artifactKey: Guid(a93c51e2b98c241b09f479a675bfdac9) Importer(815301076,1909f56bfc062723c751e8b465ee728b)
Start importing Assets/GUI Kit - Dark Geo/ResourceData/Sprite/Component/Icon_ButtonIcon_(Origin)/btn_sound_n.png using Guid(a93c51e2b98c241b09f479a675bfdac9) Importer(815301076,1909f56bfc062723c751e8b465ee728b)  -> (artifact id: 'e653b5e8d6dbbb539dbd8c15ed315cb1') in 0.032984 seconds
Number of updated asset objects reloaded before import = 0
Number of asset objects unloaded after import = 3
========================================================================
Received Import Request.
  Time since last request: 0.000024 seconds.
  path: Assets/GUI Kit - Dark Geo/ResourceData/Sprite/Component/UI_Etc/Status_Btn_Add_n.png
  artifactKey: Guid(ac1a5265460c949dd833a79829a059d8) Importer(815301076,1909f56bfc062723c751e8b465ee728b)
Start importing Assets/GUI Kit - Dark Geo/ResourceData/Sprite/Component/UI_Etc/Status_Btn_Add_n.png using Guid(ac1a5265460c949dd833a79829a059d8) Importer(815301076,1909f56bfc062723c751e8b465ee728b)  -> (artifact id: '4b13755bdee53373fa9d896121b0e058') in 0.027637 seconds
Number of updated asset objects reloaded before import = 0
Number of asset objects unloaded after import = 3
========================================================================
Received Import Request.
  Time since last request: 0.000023 seconds.
  path: Assets/GUI Kit - Dark Geo/ResourceData/Sprite/Demo/Demo_Button/Btn_Sound_n.png
  artifactKey: Guid(abb1eb03391e644d190309dd744ec827) Importer(815301076,1909f56bfc062723c751e8b465ee728b)
Start importing Assets/GUI Kit - Dark Geo/ResourceData/Sprite/Demo/Demo_Button/Btn_Sound_n.png using Guid(abb1eb03391e644d190309dd744ec827) Importer(815301076,1909f56bfc062723c751e8b465ee728b)  -> (artifact id: 'c31a2e94cc37cc216796660eb36ffd3c') in 0.028120 seconds
Number of updated asset objects reloaded before import = 0
Number of asset objects unloaded after import = 3
========================================================================
Received Import Request.
  Time since last request: 0.000022 seconds.
  path: Assets/GUI Kit - Dark Geo/ResourceData/Sprite/Component/Icon_ButtonIcon_(Origin)/btn_sound_f.png
  artifactKey: Guid(517ecec8315a740b1adeabc3208d7666) Importer(815301076,1909f56bfc062723c751e8b465ee728b)
Start importing Assets/GUI Kit - Dark Geo/ResourceData/Sprite/Component/Icon_ButtonIcon_(Origin)/btn_sound_f.png using Guid(517ecec8315a740b1adeabc3208d7666) Importer(815301076,1909f56bfc062723c751e8b465ee728b)  -> (artifact id: '533ced625b35435b6f947d462b4f68f5') in 0.028849 seconds
Number of updated asset objects reloaded before import = 0
Number of asset objects unloaded after import = 3
========================================================================
Received Import Request.
  Time since last request: 0.000024 seconds.
  path: Assets/GUI Kit - Dark Geo/ResourceData/Sprite/Demo/Demo_Button/Btn_Sound_s.png
  artifactKey: Guid(347cbbc7c76f14f96a8cc5ee1bc1a483) Importer(815301076,1909f56bfc062723c751e8b465ee728b)
Start importing Assets/GUI Kit - Dark Geo/ResourceData/Sprite/Demo/Demo_Button/Btn_Sound_s.png using Guid(347cbbc7c76f14f96a8cc5ee1bc1a483) Importer(815301076,1909f56bfc062723c751e8b465ee728b)  -> (artifact id: '918ed8fcf989e6c578a8dd86d5491c84') in 0.036698 seconds
Number of updated asset objects reloaded before import = 0
Number of asset objects unloaded after import = 3
========================================================================
Received Import Request.
  Time since last request: 0.000020 seconds.
  path: Assets/GUI Kit - Dark Geo/ResourceData/Sprite/Component/Icon_ButtonIcon_(Origin)/btn_question_f.png
  artifactKey: Guid(a9f3551a067a04d6287930ec15b6c075) Importer(815301076,1909f56bfc062723c751e8b465ee728b)
Start importing Assets/GUI Kit - Dark Geo/ResourceData/Sprite/Component/Icon_ButtonIcon_(Origin)/btn_question_f.png using Guid(a9f3551a067a04d6287930ec15b6c075) Importer(815301076,1909f56bfc062723c751e8b465ee728b)  -> (artifact id: '17091384ca5d6bee5178d57c46aa9073') in 0.033745 seconds
Number of updated asset objects reloaded before import = 0
Number of asset objects unloaded after import = 3
Editor requested this worker to shutdown with reason: Scaling down because of idle timeout
TcpMessagingSession - receive error: operation aborted. errorcode: 995, details: L’opération d’entrée/sortie a été abandonnée en raison de l’arrêt d’un thread ou à la demande d’une application.
AssetImportWorker is now disconnected from the server
Process exiting
Exiting without the bug reporter. Application will terminate with return code 0