Using pre-set license
Built from '2022.3/staging' branch; Version is '2022.3.10f1 (ff3792e53c62) revision 16725906'; Using compiler version '192829333'; Build Type 'Release'
OS: 'Windows 10  (10.0.19045) 64bit Professional' Language: 'fr' Physical Memory: 16114 MB
BatchMode: 1, IsHumanControllingUs: 0, StartBugReporterOnCrash: 0, Is64bit: 1, IsPro: 1

COMMAND LINE ARGUMENTS:
C:\Program Files\Unity\Hub\Editor\2022.3.10f1\Editor\Unity.exe
-adb2
-batchMode
-noUpm
-name
AssetImportWorker11
-projectPath
C:/Users/user/Desktop/zombi
-logFile
Logs/AssetImportWorker11.log
-srvPort
49779
Successfully changed project path to: C:/Users/user/Desktop/zombi
C:/Users/user/Desktop/zombi
[UnityMemory] Configuration Parameters - Can be set up in boot.config
    "memorysetup-bucket-allocator-granularity=16"
    "memorysetup-bucket-allocator-bucket-count=8"
    "memorysetup-bucket-allocator-block-size=33554432"
    "memorysetup-bucket-allocator-block-count=8"
    "memorysetup-main-allocator-block-size=16777216"
    "memorysetup-thread-allocator-block-size=16777216"
    "memorysetup-gfx-main-allocator-block-size=16777216"
    "memorysetup-gfx-thread-allocator-block-size=16777216"
    "memorysetup-cache-allocator-block-size=4194304"
    "memorysetup-typetree-allocator-block-size=2097152"
    "memorysetup-profiler-bucket-allocator-granularity=16"
    "memorysetup-profiler-bucket-allocator-bucket-count=8"
    "memorysetup-profiler-bucket-allocator-block-size=33554432"
    "memorysetup-profiler-bucket-allocator-block-count=8"
    "memorysetup-profiler-allocator-block-size=16777216"
    "memorysetup-profiler-editor-allocator-block-size=1048576"
    "memorysetup-temp-allocator-size-main=16777216"
    "memorysetup-job-temp-allocator-block-size=2097152"
    "memorysetup-job-temp-allocator-block-size-background=1048576"
    "memorysetup-job-temp-allocator-reduction-small-platforms=262144"
    "memorysetup-allocator-temp-initial-block-size-main=262144"
    "memorysetup-allocator-temp-initial-block-size-worker=262144"
    "memorysetup-temp-allocator-size-background-worker=32768"
    "memorysetup-temp-allocator-size-job-worker=262144"
    "memorysetup-temp-allocator-size-preload-manager=33554432"
    "memorysetup-temp-allocator-size-nav-mesh-worker=65536"
    "memorysetup-temp-allocator-size-audio-worker=65536"
    "memorysetup-temp-allocator-size-cloud-worker=32768"
    "memorysetup-temp-allocator-size-gi-baking-worker=262144"
    "memorysetup-temp-allocator-size-gfx=262144"
Player connection [18080] Host "[IP] 192.168.249.1 [Port] 0 [Flags] 2 [Guid] 1603496638 [EditorId] 1603496638 [Version] 1048832 [Id] WindowsEditor(7,DESKTOP-G9VLQBD) [Debug] 1 [PackageName] WindowsEditor [ProjectName] Editor" joined multi-casting on [225.0.0.222:54997]...

Player connection [18080] Host "[IP] 192.168.249.1 [Port] 0 [Flags] 2 [Guid] 1603496638 [EditorId] 1603496638 [Version] 1048832 [Id] WindowsEditor(7,DESKTOP-G9VLQBD) [Debug] 1 [PackageName] WindowsEditor [ProjectName] Editor" joined alternative multi-casting on [225.0.0.222:34997]...

[Physics::Module] Initialized MultithreadedJobDispatcher with 11 workers.
Refreshing native plugins compatible for Editor in 20.01 ms, found 2 plugins.
Preloading 0 native plugins for Editor in 0.00 ms.
Initialize engine version: 2022.3.10f1 (ff3792e53c62)
[Subsystems] Discovering subsystems at path C:/Program Files/Unity/Hub/Editor/2022.3.10f1/Editor/Data/Resources/UnitySubsystems
[Subsystems] Discovering subsystems at path C:/Users/user/Desktop/zombi/Assets
GfxDevice: creating device client; threaded=0; jobified=0
Direct3D:
    Version:  Direct3D 11.0 [level 11.1]
    Renderer: NVIDIA GeForce RTX 3050 Laptop GPU (ID=0x25a2)
    Vendor:   NVIDIA
    VRAM:     3964 MB
    Driver:   32.0.15.5612
Initialize mono
Mono path[0] = 'C:/Program Files/Unity/Hub/Editor/2022.3.10f1/Editor/Data/Managed'
Mono path[1] = 'C:/Program Files/Unity/Hub/Editor/2022.3.10f1/Editor/Data/MonoBleedingEdge/lib/mono/unityjit-win32'
Mono config path = 'C:/Program Files/Unity/Hub/Editor/2022.3.10f1/Editor/Data/MonoBleedingEdge/etc'
Using monoOptions --debugger-agent=transport=dt_socket,embedding=1,server=y,suspend=n,address=127.0.0.1:56360
Begin MonoManager ReloadAssembly
Registering precompiled unity dll's ...
Register platform support module: C:/Program Files/Unity/Hub/Editor/2022.3.10f1/Editor/Data/PlaybackEngines/WebGLSupport/UnityEditor.WebGL.Extensions.dll
Register platform support module: C:/Program Files/Unity/Hub/Editor/2022.3.10f1/Editor/Data/PlaybackEngines/AndroidPlayer/UnityEditor.Android.Extensions.dll
Register platform support module: C:/Program Files/Unity/Hub/Editor/2022.3.10f1/Editor/Data/PlaybackEngines/WindowsStandaloneSupport/UnityEditor.WindowsStandalone.Extensions.dll
Registered in 0.009903 seconds.
- Loaded All Assemblies, in  0.428 seconds
Native extension for WindowsStandalone target not found
Native extension for Android target not found
Android Extension - Scanning For ADB Devices 309 ms
Native extension for WebGL target not found
Mono: successfully reloaded assembly
- Finished resetting the current domain, in  0.689 seconds
Domain Reload Profiling: 1116ms
	BeginReloadAssembly (105ms)
		ExecutionOrderSort (0ms)
		DisableScriptedObjects (0ms)
		BackupInstance (0ms)
		ReleaseScriptingObjects (0ms)
		CreateAndSetChildDomain (1ms)
	RebuildCommonClasses (26ms)
	RebuildNativeTypeToScriptingClass (10ms)
	initialDomainReloadingComplete (51ms)
	LoadAllAssembliesAndSetupDomain (233ms)
		LoadAssemblies (103ms)
		RebuildTransferFunctionScriptingTraits (0ms)
		AnalyzeDomain (231ms)
			TypeCache.Refresh (229ms)
				TypeCache.ScanAssembly (217ms)
			ScanForSourceGeneratedMonoScriptInfo (0ms)
			ResolveRequiredComponents (0ms)
	FinalizeReload (689ms)
		ReleaseScriptCaches (0ms)
		RebuildScriptCaches (0ms)
		SetupLoadedEditorAssemblies (632ms)
			LogAssemblyErrors (0ms)
			InitializePlatformSupportModulesInManaged (435ms)
			SetLoadedEditorAssemblies (5ms)
			RefreshPlugins (0ms)
			BeforeProcessingInitializeOnLoad (3ms)
			ProcessInitializeOnLoadAttributes (124ms)
			ProcessInitializeOnLoadMethodAttributes (65ms)
			AfterProcessingInitializeOnLoad (0ms)
			EditorAssembliesLoaded (0ms)
		ExecutionOrderSort2 (0ms)
		AwakeInstancesAfterBackupRestoration (0ms)
========================================================================
Worker process is ready to serve import requests
Begin MonoManager ReloadAssembly
- Loaded All Assemblies, in  0.897 seconds
Refreshing native plugins compatible for Editor in 7.20 ms, found 2 plugins.
Native extension for WindowsStandalone target not found
Native extension for Android target not found
Native extension for WebGL target not found
Package Manager log level set to [2]
[Package Manager] Server::EnsureServerProcessIsRunning -- launch failed, reason: Unity was launched with the -noUpm command-line argument
[Package Manager] UpmClient::Send -- Unable to send message (not connected to UPM process).
[Package Manager] Cannot connect to Unity Package Manager local server
Mono: successfully reloaded assembly
- Finished resetting the current domain, in  1.094 seconds
Domain Reload Profiling: 1987ms
	BeginReloadAssembly (138ms)
		ExecutionOrderSort (0ms)
		DisableScriptedObjects (4ms)
		BackupInstance (0ms)
		ReleaseScriptingObjects (0ms)
		CreateAndSetChildDomain (22ms)
	RebuildCommonClasses (37ms)
	RebuildNativeTypeToScriptingClass (10ms)
	initialDomainReloadingComplete (49ms)
	LoadAllAssembliesAndSetupDomain (657ms)
		LoadAssemblies (492ms)
		RebuildTransferFunctionScriptingTraits (0ms)
		AnalyzeDomain (244ms)
			TypeCache.Refresh (192ms)
				TypeCache.ScanAssembly (169ms)
			ScanForSourceGeneratedMonoScriptInfo (30ms)
			ResolveRequiredComponents (21ms)
	FinalizeReload (1094ms)
		ReleaseScriptCaches (0ms)
		RebuildScriptCaches (0ms)
		SetupLoadedEditorAssemblies (895ms)
			LogAssemblyErrors (0ms)
			InitializePlatformSupportModulesInManaged (24ms)
			SetLoadedEditorAssemblies (4ms)
			RefreshPlugins (0ms)
			BeforeProcessingInitializeOnLoad (84ms)
			ProcessInitializeOnLoadAttributes (515ms)
			ProcessInitializeOnLoadMethodAttributes (260ms)
			AfterProcessingInitializeOnLoad (9ms)
			EditorAssembliesLoaded (1ms)
		ExecutionOrderSort2 (0ms)
		AwakeInstancesAfterBackupRestoration (12ms)
Launched and connected shader compiler UnityShaderCompiler.exe after 0.14 seconds
Refreshing native plugins compatible for Editor in 7.58 ms, found 2 plugins.
Preloading 0 native plugins for Editor in 0.00 ms.
Unloading 5626 Unused Serialized files (Serialized files now loaded: 0)
Unloading 137 unused Assets / (2.6 MB). Loaded Objects now: 6073.
Memory consumption went from 255.2 MB to 252.5 MB.
Total: 9.111100 ms (FindLiveObjects: 0.556500 ms CreateObjectMapping: 0.274800 ms MarkObjects: 7.331200 ms  DeleteObjects: 0.946600 ms)

AssetImportParameters requested are different than current active one (requested -> active):
  custom:container-demuxer-ogg: 62fdf1f143b41e24485cea50d1cbac27 -> 
  custom:scripting/monoscript/fileName/ProximitySensor.cs: 3d2b27786634e365c72ef99f18fc83de -> aef687696484c7ff497e78f373f764a8
  custom:video-decoder-ogg-theora: a1e56fd34408186e4bbccfd4996cb3dc -> 
  custom:framework-win-MediaFoundation: 216162199b28c13a410421893ffa2e32 -> 
  custom:CustomObjectIndexerAttribute: d54d2f2da18e7612c182cf67624b6b12 -> 
  custom:container-demuxer-webm: 4f35f7cbe854078d1ac9338744f61a02 -> 
  custom:container-muxer-webm: aa71ff27fc2769a1b78a27578f13a17b -> 
  custom:video-decoder-webm-vp8: 9c59270c3fd7afecdb556c50c9e8de78 -> 
  custom:SearchIndexIgnoredProperties: e643bd26f0fe6173181afceb89e7c659 -> 
  custom:AudioImporter_EditorPlatform: d09bf68614088b80899f8185d706f6e7 -> 
  custom:video-encoder-webm-vp8: eb34c28f22e8b96e1ab97ce403110664 -> 
  custom:audio-decoder-ogg-vorbis: bf7c407c2cedff20999df2af8eb42d56 -> 
  custom:audio-encoder-webm-vorbis: bf7c407c2cedff20999df2af8eb42d56 -> 
  custom:scripting/monoscript/fileName/ProximityPause.cs: b69589cab340a81553f9bdd2492e5a4e -> 
========================================================================
Received Import Request.
  Time since last request: 1195682.508357 seconds.
  path: Assets/GUI Kit - Dark Geo/ResourceData/Sprite/Component/Icon_ButtonIcon_(Origin)/btn_play_n.png
  artifactKey: Guid(b8bf4f57c809b48ea809a86f9599d72b) Importer(815301076,1909f56bfc062723c751e8b465ee728b)
Start importing Assets/GUI Kit - Dark Geo/ResourceData/Sprite/Component/Icon_ButtonIcon_(Origin)/btn_play_n.png using Guid(b8bf4f57c809b48ea809a86f9599d72b) Importer(815301076,1909f56bfc062723c751e8b465ee728b)  -> (artifact id: '879136447c3f9db227061202b2d38d1b') in 0.121852 seconds
Number of updated asset objects reloaded before import = 0
Number of asset objects unloaded after import = 3
========================================================================
Received Import Request.
  Time since last request: 0.000032 seconds.
  path: Assets/GUI Kit - Dark Geo/ResourceData/Sprite/Component/Icon_ButtonIcon_(Origin)/btn_prev_n.png
  artifactKey: Guid(198e0084cda7f402e88744272bfde38f) Importer(815301076,1909f56bfc062723c751e8b465ee728b)
Start importing Assets/GUI Kit - Dark Geo/ResourceData/Sprite/Component/Icon_ButtonIcon_(Origin)/btn_prev_n.png using Guid(198e0084cda7f402e88744272bfde38f) Importer(815301076,1909f56bfc062723c751e8b465ee728b)  -> (artifact id: '5795425f70d16e90940109286e7d6981') in 0.040251 seconds
Number of updated asset objects reloaded before import = 0
Number of asset objects unloaded after import = 3
========================================================================
Received Import Request.
  Time since last request: 0.000023 seconds.
  path: Assets/GUI Kit - Dark Geo/ResourceData/Sprite/Component/Icon_ButtonIcon_(Origin)/btn_prev_f.png
  artifactKey: Guid(fa6728ba12d794896bb28f6a9bde26a7) Importer(815301076,1909f56bfc062723c751e8b465ee728b)
Start importing Assets/GUI Kit - Dark Geo/ResourceData/Sprite/Component/Icon_ButtonIcon_(Origin)/btn_prev_f.png using Guid(fa6728ba12d794896bb28f6a9bde26a7) Importer(815301076,1909f56bfc062723c751e8b465ee728b)  -> (artifact id: '8ba685b1d2d76e080e658e39ae60db40') in 0.028531 seconds
Number of updated asset objects reloaded before import = 0
Number of asset objects unloaded after import = 3
========================================================================
Received Import Request.
  Time since last request: 0.000033 seconds.
  path: Assets/GUI Kit - Dark Geo/ResourceData/Sprite/Component/Icon_ButtonIcon_(Origin)/btn_restart_f.png
  artifactKey: Guid(3fcc41f36f1ce4898b91f002067ff864) Importer(815301076,1909f56bfc062723c751e8b465ee728b)
Start importing Assets/GUI Kit - Dark Geo/ResourceData/Sprite/Component/Icon_ButtonIcon_(Origin)/btn_restart_f.png using Guid(3fcc41f36f1ce4898b91f002067ff864) Importer(815301076,1909f56bfc062723c751e8b465ee728b)  -> (artifact id: '7dacd9937384699a9567f112e176e716') in 0.038432 seconds
Number of updated asset objects reloaded before import = 0
Number of asset objects unloaded after import = 3
========================================================================
Received Import Request.
  Time since last request: 0.000021 seconds.
  path: Assets/GUI Kit - Dark Geo/ResourceData/Sprite/Component/Icon_ButtonIcon_(Origin)/btn_refresh_f.png
  artifactKey: Guid(a121dbe90f1064ca4a04a1c19b19070c) Importer(815301076,1909f56bfc062723c751e8b465ee728b)
Start importing Assets/GUI Kit - Dark Geo/ResourceData/Sprite/Component/Icon_ButtonIcon_(Origin)/btn_refresh_f.png using Guid(a121dbe90f1064ca4a04a1c19b19070c) Importer(815301076,1909f56bfc062723c751e8b465ee728b)  -> (artifact id: 'd6a80c5dceed94303f731daea343e7b1') in 0.038963 seconds
Number of updated asset objects reloaded before import = 0
Number of asset objects unloaded after import = 3
========================================================================
Received Import Request.
  Time since last request: 0.000039 seconds.
  path: Assets/GUI Kit - Dark Geo/ResourceData/Sprite/Demo/Demo_Button/Btn_Resume_s.png
  artifactKey: Guid(5d3af85513bfe408b9af0279226522a4) Importer(815301076,1909f56bfc062723c751e8b465ee728b)
Start importing Assets/GUI Kit - Dark Geo/ResourceData/Sprite/Demo/Demo_Button/Btn_Resume_s.png using Guid(5d3af85513bfe408b9af0279226522a4) Importer(815301076,1909f56bfc062723c751e8b465ee728b)  -> (artifact id: '96569448b4c3575f3baa71fec626433a') in 0.029466 seconds
Number of updated asset objects reloaded before import = 0
Number of asset objects unloaded after import = 3
========================================================================
Received Import Request.
  Time since last request: 0.000019 seconds.
  path: Assets/GUI Kit - Dark Geo/ResourceData/Sprite/Component/Icon_ButtonIcon_(Origin)/btn_profile_n.png
  artifactKey: Guid(b35694ed2efbc4ef69390ad13fe7b799) Importer(815301076,1909f56bfc062723c751e8b465ee728b)
Start importing Assets/GUI Kit - Dark Geo/ResourceData/Sprite/Component/Icon_ButtonIcon_(Origin)/btn_profile_n.png using Guid(b35694ed2efbc4ef69390ad13fe7b799) Importer(815301076,1909f56bfc062723c751e8b465ee728b)  -> (artifact id: 'ac74339e686a94ec50b13ff3d4908f95') in 0.031706 seconds
Number of updated asset objects reloaded before import = 0
Number of asset objects unloaded after import = 3
========================================================================
Received Import Request.
  Time since last request: 0.000016 seconds.
  path: Assets/GUI Kit - Dark Geo/ResourceData/Sprite/Component/Icon_ButtonIcon_(Origin)/btn_star_n.png
  artifactKey: Guid(299f87e740ba54e549e4602e95cd1874) Importer(815301076,1909f56bfc062723c751e8b465ee728b)
Start importing Assets/GUI Kit - Dark Geo/ResourceData/Sprite/Component/Icon_ButtonIcon_(Origin)/btn_star_n.png using Guid(299f87e740ba54e549e4602e95cd1874) Importer(815301076,1909f56bfc062723c751e8b465ee728b)  -> (artifact id: '8a27594a5a8510c5c6a28f2593cdab68') in 0.023943 seconds
Number of updated asset objects reloaded before import = 0
Number of asset objects unloaded after import = 3
========================================================================
Received Import Request.
  Time since last request: 0.000024 seconds.
  path: Assets/GUI Kit - Dark Geo/ResourceData/Sprite/Demo/Demo_Image/Image_Wall_Cave_Btn.png
  artifactKey: Guid(ebf89b2a2145c48eba8a96cb7cc42b02) Importer(815301076,1909f56bfc062723c751e8b465ee728b)
Start importing Assets/GUI Kit - Dark Geo/ResourceData/Sprite/Demo/Demo_Image/Image_Wall_Cave_Btn.png using Guid(ebf89b2a2145c48eba8a96cb7cc42b02) Importer(815301076,1909f56bfc062723c751e8b465ee728b)  -> (artifact id: 'd572c6af11e2dfff0ae633b3acc8c050') in 0.033956 seconds
Number of updated asset objects reloaded before import = 0
Number of asset objects unloaded after import = 3
========================================================================
Received Import Request.
  Time since last request: 0.000029 seconds.
  path: Assets/GUI Kit - Dark Geo/ResourceData/Sprite/Component/Icon_ButtonIcon_(Origin)/btn_timer_n.png
  artifactKey: Guid(c7e53962253984cc8b092f6dbd2db22b) Importer(815301076,1909f56bfc062723c751e8b465ee728b)
Start importing Assets/GUI Kit - Dark Geo/ResourceData/Sprite/Component/Icon_ButtonIcon_(Origin)/btn_timer_n.png using Guid(c7e53962253984cc8b092f6dbd2db22b) Importer(815301076,1909f56bfc062723c751e8b465ee728b)  -> (artifact id: '396e8c69a28c53152bde508b65ed4494') in 0.026788 seconds
Number of updated asset objects reloaded before import = 0
Number of asset objects unloaded after import = 3
========================================================================
Received Import Request.
  Time since last request: 0.000027 seconds.
  path: Assets/GUI Kit - Dark Geo/ResourceData/Sprite/Component/Icon_ButtonIcon_(Origin)/btn_stop_n.png
  artifactKey: Guid(1f5fdfaa165e6499ca90b0bb989653ef) Importer(815301076,1909f56bfc062723c751e8b465ee728b)
Start importing Assets/GUI Kit - Dark Geo/ResourceData/Sprite/Component/Icon_ButtonIcon_(Origin)/btn_stop_n.png using Guid(1f5fdfaa165e6499ca90b0bb989653ef) Importer(815301076,1909f56bfc062723c751e8b465ee728b)  -> (artifact id: '4512a89d7711fbcaae65408cee5a372d') in 0.028293 seconds
Number of updated asset objects reloaded before import = 0
Number of asset objects unloaded after import = 3
========================================================================
Received Import Request.
  Time since last request: 0.000026 seconds.
  path: Assets/GUI Kit - Dark Geo/ResourceData/Sprite/Component/Icon_ButtonIcon_(Origin)/btn_stop_f.png
  artifactKey: Guid(afd3e309dbf4c4a8696f7835510d253b) Importer(815301076,1909f56bfc062723c751e8b465ee728b)
Start importing Assets/GUI Kit - Dark Geo/ResourceData/Sprite/Component/Icon_ButtonIcon_(Origin)/btn_stop_f.png using Guid(afd3e309dbf4c4a8696f7835510d253b) Importer(815301076,1909f56bfc062723c751e8b465ee728b)  -> (artifact id: '1077fd1a36aba7308f607b29a8f7c610') in 0.027560 seconds
Number of updated asset objects reloaded before import = 0
Number of asset objects unloaded after import = 3
========================================================================
Received Import Request.
  Time since last request: 0.000020 seconds.
  path: Assets/GUI Kit - Dark Geo/ResourceData/Sprite/Component/Icon_ButtonIcon_(Origin)/btn_warning_n.png
  artifactKey: Guid(d45c6bb1d322e4b589e834acaee60215) Importer(815301076,1909f56bfc062723c751e8b465ee728b)
Start importing Assets/GUI Kit - Dark Geo/ResourceData/Sprite/Component/Icon_ButtonIcon_(Origin)/btn_warning_n.png using Guid(d45c6bb1d322e4b589e834acaee60215) Importer(815301076,1909f56bfc062723c751e8b465ee728b)  -> (artifact id: '618b49ac7111970084d90a99ad2d0379') in 0.026518 seconds
Number of updated asset objects reloaded before import = 0
Number of asset objects unloaded after import = 3
========================================================================
Received Import Request.
  Time since last request: 0.000018 seconds.
  path: Assets/GUI Kit - Dark Geo/ResourceData/Sprite/Component/Icon_ButtonIcon_(Origin)/btn_trophy_f.png
  artifactKey: Guid(d2f4866e95a1449ddbc46f38d3c48db3) Importer(815301076,1909f56bfc062723c751e8b465ee728b)
Start importing Assets/GUI Kit - Dark Geo/ResourceData/Sprite/Component/Icon_ButtonIcon_(Origin)/btn_trophy_f.png using Guid(d2f4866e95a1449ddbc46f38d3c48db3) Importer(815301076,1909f56bfc062723c751e8b465ee728b)  -> (artifact id: 'ef131e64288c7de0781aa761367d991a') in 0.024119 seconds
Number of updated asset objects reloaded before import = 0
Number of asset objects unloaded after import = 3
========================================================================
Received Import Request.
  Time since last request: 0.000016 seconds.
  path: Assets/GUI Kit - Dark Geo/ResourceData/Sprite/Component/Icon_ButtonIcon_(Origin)/btn_search_n.png
  artifactKey: Guid(0c931610b990846c19e20b3be66a912d) Importer(815301076,1909f56bfc062723c751e8b465ee728b)
Start importing Assets/GUI Kit - Dark Geo/ResourceData/Sprite/Component/Icon_ButtonIcon_(Origin)/btn_search_n.png using Guid(0c931610b990846c19e20b3be66a912d) Importer(815301076,1909f56bfc062723c751e8b465ee728b)  -> (artifact id: '481c1f40b1919294ba200a29a83f3d5d') in 0.036130 seconds
Number of updated asset objects reloaded before import = 0
Number of asset objects unloaded after import = 3
========================================================================
Received Import Request.
  Time since last request: 0.000020 seconds.
  path: Assets/GUI Kit - Dark Geo/ResourceData/Sprite/Demo/Demo_Button/Btn_Sns_Facebook_n.png
  artifactKey: Guid(cad6a24c86d274cd2b5e624c2e807621) Importer(815301076,1909f56bfc062723c751e8b465ee728b)
Start importing Assets/GUI Kit - Dark Geo/ResourceData/Sprite/Demo/Demo_Button/Btn_Sns_Facebook_n.png using Guid(cad6a24c86d274cd2b5e624c2e807621) Importer(815301076,1909f56bfc062723c751e8b465ee728b)  -> (artifact id: 'b8bd3a22db5892af11d4257a52b5bad0') in 0.032855 seconds
Number of updated asset objects reloaded before import = 0
Number of asset objects unloaded after import = 3
Editor requested this worker to shutdown with reason: Scaling down because of idle timeout
TcpMessagingSession - receive error: operation aborted. errorcode: 995, details: L’opération d’entrée/sortie a été abandonnée en raison de l’arrêt d’un thread ou à la demande d’une application.
AssetImportWorker is now disconnected from the server
Process exiting
Exiting without the bug reporter. Application will terminate with return code 0