
=== Wed May  1 20:06:28 2019

Packages were changed.
Update Mode: mergeDefaultDependencies

The following packages were updated:
  com.unity.analytics from version 3.2.2 to 3.3.2
  com.unity.collab-proxy from version 1.2.9 to 1.2.16
  com.unity.package-manager-ui from version 2.1.1 to 2.1.2
  com.unity.purchasing from version 2.0.1 to 2.0.6
  com.unity.textmeshpro from version 1.3.0 to 2.0.0
  com.unity.timeline from version 0.0.0-builtin to 1.0.0

=== Thu Oct 17 14:16:38 2024

Packages were changed.
Update Mode: updateDependencies

The following packages were added:
  com.unity.2d.sprite@1.0.0
  com.unity.2d.tilemap@1.0.0
  com.unity.ide.rider@3.0.31
  com.unity.ide.visualstudio@2.0.22
  com.unity.ide.vscode@1.2.5
  com.unity.modules.androidjni@1.0.0
  com.unity.test-framework@1.1.33
  com.unity.ugui@1.0.0
The following packages were updated:
  com.unity.ads from version 2.0.8 to 4.4.2
  com.unity.analytics from version 3.3.2 to 3.6.12
  com.unity.collab-proxy from version 1.2.16 to 2.5.1
  com.unity.probuilder from version 4.0.5 to 5.2.3
  com.unity.purchasing from version 2.0.6 to 4.9.3
  com.unity.textmeshpro from version 2.0.0 to 3.0.6
  com.unity.timeline from version 1.0.0 to 1.6.5
The following packages were removed:
  com.unity.package-manager-ui@2.1.2

=== Sun Nov 10 05:24:54 2024

Packages were changed.
Update Mode: updateDependencies

The following packages were added:
  com.unity.ai.navigation@1.1.4
The following packages were updated:
  com.unity.analytics from version 3.6.12 to 3.8.1
  com.unity.timeline from version 1.6.5 to 1.7.5

=== Sun Nov 10 05:39:51 2024

Packages were changed.
Update Mode: updateDependencies

The following packages were updated:
  com.unity.inputsystem from version 1.5.1 to 1.7.0
  com.unity.render-pipelines.universal from version 14.0.7 to 14.0.8

=== Sun Nov 10 05:39:51 2024

Packages were changed.
Update Mode: mergeDefaultDependencies

The following packages were added:
  com.unity.cinemachine@2.9.7
  com.unity.inputsystem@1.7.0
  com.unity.render-pipelines.universal@14.0.8

=== Sun Nov 10 05:44:55 2024

Packages were changed.
Update Mode: updateDependencies

The following packages were updated:
  com.unity.inputsystem from version 1.5.1 to 1.7.0
  com.unity.render-pipelines.universal from version 14.0.7 to 14.0.8

=== Mon Nov 11 05:12:03 2024

Packages were changed.
Update Mode: updateDependencies

The following packages were updated:
  com.unity.ai.navigation from version 1.1.4 to 1.1.5
  com.unity.cinemachine from version 2.9.7 to 2.10.1
  com.unity.inputsystem from version 1.7.0 to 1.11.0
  com.unity.postprocessing from version 3.2.2 to 3.4.0
  com.unity.purchasing from version 4.9.3 to 4.11.0
  com.unity.render-pipelines.universal from version 14.0.8 to 14.0.11
  com.unity.textmeshpro from version 3.0.6 to 3.0.7
  com.unity.timeline from version 1.7.5 to 1.7.6
